0 verbose cli /usr/local/bin/node /usr/local/bin/npm
1 info using npm@11.6.2
2 info using node@v24.13.0
3 silly config load:file:/usr/local/lib/node_modules/npm/npmrc
4 silly config load:file:/Users/lotterian/Library/Mobile Documents/com~apple~CloudDocs/trae项目/backend/.npmrc
5 silly config load:file:/Users/lotterian/.npmrc
6 silly config load:file:/usr/local/etc/npmrc
7 verbose title npm run dev
8 verbose argv "run" "dev"
9 verbose logfile logs-max:10 dir:/Users/lotterian/Library/Mobile Documents/com~apple~CloudDocs/trae项目/.npm-cache/_logs/2026-02-10T12_47_41_910Z-
10 verbose logfile /Users/lotterian/Library/Mobile Documents/com~apple~CloudDocs/trae项目/.npm-cache/_logs/2026-02-10T12_47_41_910Z-debug-0.log
11 silly logfile start cleaning logs, removing 1 files
12 silly logfile done cleaning log files
13 verbose stack Error: Missing script: "dev"
13 verbose stack
13 verbose stack To see a list of scripts, run:
13 verbose stack   npm run
13 verbose stack     at #run (/usr/local/lib/node_modules/npm/lib/commands/run.js:115:13)
13 verbose stack     at async RunScript.exec (/usr/local/lib/node_modules/npm/lib/commands/run.js:44:7)
13 verbose stack     at async Npm.exec (/usr/local/lib/node_modules/npm/lib/npm.js:208:9)
13 verbose stack     at async module.exports (/usr/local/lib/node_modules/npm/lib/cli/entry.js:67:5)
14 error Missing script: "dev"
14 error
14 error To see a list of scripts, run:
14 error   npm run
15 verbose cwd /Users/lotterian/Library/Mobile Documents/com~apple~CloudDocs/trae项目/backend
16 verbose os Darwin 25.2.0
17 verbose node v24.13.0
18 verbose npm  v11.6.2
19 verbose exit 1
20 verbose code 1
21 error A complete log of this run can be found in: /Users/lotterian/Library/Mobile Documents/com~apple~CloudDocs/trae项目/.npm-cache/_logs/2026-02-10T12_47_41_910Z-debug-0.log
